{"asctime": "2026-04-10 09:04:51,783", "levelname": "INFO", "name": "orders", "message": "order_cancelled", "event": "order_cancelled", "order_id": "4e585c6b-b667-4666-a762-fd4f56c99502", "cancelled_from_status": "cancelled"}
{"asctime": "2026-04-10 09:04:51,788", "levelname": "INFO", "name": "orders", "message": "order_status_changed", "event": "order_status_changed", "order_id": "4e585c6b-b667-4666-a762-fd4f56c99502", "from_status": "cancelled", "to_status": "cancelled"}
{"asctime": "2026-04-10 09:05:48,231", "levelname": "INFO", "name": "orders", "message": "order_cancelled", "event": "order_cancelled", "order_id": "5f0327c0-aa37-41d5-9d5e-92839e57864e", "cancelled_from_status": "cancelled"}
{"asctime": "2026-04-10 09:05:48,232", "levelname": "INFO", "name": "orders", "message": "order_status_changed", "event": "order_status_changed", "order_id": "5f0327c0-aa37-41d5-9d5e-92839e57864e", "from_status": "cancelled", "to_status": "cancelled"}
{"asctime": "2026-04-10 09:06:22,691", "levelname": "INFO", "name": "orders", "message": "order_created", "event": "order_created", "order_id": "2a973eaf-2ad5-4df5-b429-0d440f7e2d00", "idempotency_key": "key-1775792181537-vm5aq", "items_count": 1}
{"asctime": "2026-04-10 09:06:34,896", "levelname": "INFO", "name": "orders", "message": "order_created", "event": "order_created", "order_id": "aa0eb92b-7aa3-43f7-b15d-174235cc8cd5", "idempotency_key": "key-1775792194049-dedug", "items_count": 1}
{"asctime": "2026-04-10 09:07:04,569", "levelname": "INFO", "name": "orders.tasks", "message": "[2a973eaf-2ad5-4df5-b429-0d440f7e2d00] Task started (attempt 1/4)"}
{"asctime": "2026-04-10 09:07:04,585", "levelname": "INFO", "name": "orders", "message": "payment_verified", "event": "payment_verified", "order_id": "2a973eaf-2ad5-4df5-b429-0d440f7e2d00", "razorpay_payment_id": "pay_SbdyrUVX3jpDH0"}
{"asctime": "2026-04-10 09:07:05,033", "levelname": "INFO", "name": "orders", "message": "payment_verified", "event": "payment_verified", "order_id": "aa0eb92b-7aa3-43f7-b15d-174235cc8cd5", "razorpay_payment_id": "pay_SbdyrmDPo1qCGn"}
{"asctime": "2026-04-10 09:07:05,095", "levelname": "INFO", "name": "orders", "message": "order_status_changed", "event": "order_status_changed", "order_id": "2a973eaf-2ad5-4df5-b429-0d440f7e2d00", "from_status": "pending", "to_status": "processing"}
{"asctime": "2026-04-10 09:07:05,096", "levelname": "INFO", "name": "orders.tasks", "message": "[2a973eaf-2ad5-4df5-b429-0d440f7e2d00] Step 'payment' already done \u2014 skipping"}
{"asctime": "2026-04-10 09:07:05,290", "levelname": "INFO", "name": "orders", "message": "inventory_deducted", "event": "inventory_deducted", "order_id": "2a973eaf-2ad5-4df5-b429-0d440f7e2d00", "item_name": "burger", "quantity_deducted": 1, "quantity_remaining": 4}
{"asctime": "2026-04-10 09:07:05,351", "levelname": "INFO", "name": "orders.tasks", "message": "[2a973eaf-2ad5-4df5-b429-0d440f7e2d00] All inventory deducted successfully"}
{"asctime": "2026-04-10 09:07:05,415", "levelname": "INFO", "name": "orders.tasks", "message": "[2a973eaf-2ad5-4df5-b429-0d440f7e2d00] Step 'inventory' \u2192 success (attempt 1)"}
{"asctime": "2026-04-10 09:07:05,476", "levelname": "INFO", "name": "orders", "message": "order_status_changed", "event": "order_status_changed", "order_id": "2a973eaf-2ad5-4df5-b429-0d440f7e2d00", "from_status": "processing", "to_status": "completed"}
{"asctime": "2026-04-10 09:07:05,477", "levelname": "INFO", "name": "orders", "message": "order_completed", "event": "order_completed", "order_id": "2a973eaf-2ad5-4df5-b429-0d440f7e2d00"}
{"asctime": "2026-04-10 09:07:05,868", "levelname": "INFO", "name": "orders.tasks", "message": "[aa0eb92b-7aa3-43f7-b15d-174235cc8cd5] Task started (attempt 1/4)"}
{"asctime": "2026-04-10 09:07:06,355", "levelname": "INFO", "name": "orders", "message": "order_status_changed", "event": "order_status_changed", "order_id": "aa0eb92b-7aa3-43f7-b15d-174235cc8cd5", "from_status": "pending", "to_status": "processing"}
{"asctime": "2026-04-10 09:07:06,355", "levelname": "INFO", "name": "orders.tasks", "message": "[aa0eb92b-7aa3-43f7-b15d-174235cc8cd5] Step 'payment' already done \u2014 skipping"}
{"asctime": "2026-04-10 09:07:06,527", "levelname": "INFO", "name": "orders", "message": "inventory_deducted", "event": "inventory_deducted", "order_id": "aa0eb92b-7aa3-43f7-b15d-174235cc8cd5", "item_name": "burger", "quantity_deducted": 1, "quantity_remaining": 3}
{"asctime": "2026-04-10 09:07:06,586", "levelname": "INFO", "name": "orders.tasks", "message": "[aa0eb92b-7aa3-43f7-b15d-174235cc8cd5] All inventory deducted successfully"}
{"asctime": "2026-04-10 09:07:06,647", "levelname": "INFO", "name": "orders.tasks", "message": "[aa0eb92b-7aa3-43f7-b15d-174235cc8cd5] Step 'inventory' \u2192 success (attempt 1)"}
{"asctime": "2026-04-10 09:07:06,706", "levelname": "INFO", "name": "orders", "message": "order_status_changed", "event": "order_status_changed", "order_id": "aa0eb92b-7aa3-43f7-b15d-174235cc8cd5", "from_status": "processing", "to_status": "completed"}
{"asctime": "2026-04-10 09:07:06,707", "levelname": "INFO", "name": "orders", "message": "order_completed", "event": "order_completed", "order_id": "aa0eb92b-7aa3-43f7-b15d-174235cc8cd5"}
{"asctime": "2026-04-10 09:11:46,229", "levelname": "INFO", "name": "orders", "message": "order_created", "event": "order_created", "order_id": "4e485937-e8ff-447e-9820-92a852e23b1a", "idempotency_key": "key-1775792504386-3xgc6", "items_count": 1}
{"asctime": "2026-04-10 09:11:46,711", "levelname": "INFO", "name": "orders", "message": "order_created", "event": "order_created", "order_id": "8627c36e-f850-4b0b-926b-add2daa378e1", "idempotency_key": "key-1775792504950-8k1fw", "items_count": 1}
{"asctime": "2026-04-10 09:12:10,234", "levelname": "INFO", "name": "orders.tasks", "message": "[4e485937-e8ff-447e-9820-92a852e23b1a] Task started (attempt 1/4)"}
{"asctime": "2026-04-10 09:12:10,240", "levelname": "INFO", "name": "orders", "message": "payment_verified", "event": "payment_verified", "order_id": "4e485937-e8ff-447e-9820-92a852e23b1a", "razorpay_payment_id": "pay_Sbe4Fw8OoYdWWE"}
{"asctime": "2026-04-10 09:12:11,077", "levelname": "INFO", "name": "orders", "message": "order_status_changed", "event": "order_status_changed", "order_id": "4e485937-e8ff-447e-9820-92a852e23b1a", "from_status": "pending", "to_status": "processing"}
{"asctime": "2026-04-10 09:12:11,079", "levelname": "INFO", "name": "orders.tasks", "message": "[4e485937-e8ff-447e-9820-92a852e23b1a] Step 'payment' already done \u2014 skipping"}
{"asctime": "2026-04-10 09:12:11,268", "levelname": "INFO", "name": "orders", "message": "inventory_deducted", "event": "inventory_deducted", "order_id": "4e485937-e8ff-447e-9820-92a852e23b1a", "item_name": "burger", "quantity_deducted": 1, "quantity_remaining": 0}
{"asctime": "2026-04-10 09:12:11,327", "levelname": "INFO", "name": "orders.tasks", "message": "[4e485937-e8ff-447e-9820-92a852e23b1a] All inventory deducted successfully"}
{"asctime": "2026-04-10 09:12:11,388", "levelname": "INFO", "name": "orders.tasks", "message": "[4e485937-e8ff-447e-9820-92a852e23b1a] Step 'inventory' \u2192 success (attempt 1)"}
{"asctime": "2026-04-10 09:12:11,447", "levelname": "INFO", "name": "orders", "message": "order_status_changed", "event": "order_status_changed", "order_id": "4e485937-e8ff-447e-9820-92a852e23b1a", "from_status": "processing", "to_status": "completed"}
{"asctime": "2026-04-10 09:12:11,448", "levelname": "INFO", "name": "orders", "message": "order_completed", "event": "order_completed", "order_id": "4e485937-e8ff-447e-9820-92a852e23b1a"}
{"asctime": "2026-04-10 09:12:14,655", "levelname": "INFO", "name": "orders.tasks", "message": "[8627c36e-f850-4b0b-926b-add2daa378e1] Task started (attempt 1/4)"}
{"asctime": "2026-04-10 09:12:14,671", "levelname": "INFO", "name": "orders", "message": "payment_verified", "event": "payment_verified", "order_id": "8627c36e-f850-4b0b-926b-add2daa378e1", "razorpay_payment_id": "pay_Sbe4LDPZ4swmlE"}
{"asctime": "2026-04-10 09:12:15,166", "levelname": "INFO", "name": "orders", "message": "order_status_changed", "event": "order_status_changed", "order_id": "8627c36e-f850-4b0b-926b-add2daa378e1", "from_status": "pending", "to_status": "processing"}
{"asctime": "2026-04-10 09:12:15,168", "levelname": "INFO", "name": "orders.tasks", "message": "[8627c36e-f850-4b0b-926b-add2daa378e1] Step 'payment' already done \u2014 skipping"}
{"asctime": "2026-04-10 09:12:15,338", "levelname": "WARNING", "name": "orders", "message": "inventory_insufficient", "event": "inventory_insufficient", "order_id": "8627c36e-f850-4b0b-926b-add2daa378e1", "item_name": "burger", "needed": 1, "available": 0}
{"asctime": "2026-04-10 09:12:15,548", "levelname": "INFO", "name": "orders.tasks", "message": "[8627c36e-f850-4b0b-926b-add2daa378e1] Step 'inventory' \u2192 failed (attempt 1) | Insufficient inventory: burger (need 1, have 0)"}
{"asctime": "2026-04-10 09:12:15,549", "levelname": "WARNING", "name": "orders.tasks", "message": "[8627c36e-f850-4b0b-926b-add2daa378e1] Inventory step failed: Insufficient inventory: burger (need 1, have 0)"}
{"asctime": "2026-04-10 09:12:17,173", "levelname": "INFO", "name": "orders.tasks", "message": "[8627c36e-f850-4b0b-926b-add2daa378e1] Task started (attempt 2/4)"}
{"asctime": "2026-04-10 09:12:17,603", "levelname": "INFO", "name": "orders.tasks", "message": "[8627c36e-f850-4b0b-926b-add2daa378e1] Step 'payment' already done \u2014 skipping"}
{"asctime": "2026-04-10 09:12:17,714", "levelname": "WARNING", "name": "orders", "message": "inventory_insufficient", "event": "inventory_insufficient", "order_id": "8627c36e-f850-4b0b-926b-add2daa378e1", "item_name": "burger", "needed": 1, "available": 0}
{"asctime": "2026-04-10 09:12:17,826", "levelname": "INFO", "name": "orders.tasks", "message": "[8627c36e-f850-4b0b-926b-add2daa378e1] Step 'inventory' \u2192 failed (attempt 2) | Insufficient inventory: burger (need 1, have 0)"}
{"asctime": "2026-04-10 09:12:17,826", "levelname": "WARNING", "name": "orders.tasks", "message": "[8627c36e-f850-4b0b-926b-add2daa378e1] Inventory step failed: Insufficient inventory: burger (need 1, have 0)"}
{"asctime": "2026-04-10 09:12:19,830", "levelname": "INFO", "name": "orders.tasks", "message": "[8627c36e-f850-4b0b-926b-add2daa378e1] Task started (attempt 3/4)"}
{"asctime": "2026-04-10 09:12:20,281", "levelname": "INFO", "name": "orders.tasks", "message": "[8627c36e-f850-4b0b-926b-add2daa378e1] Step 'payment' already done \u2014 skipping"}
{"asctime": "2026-04-10 09:12:20,408", "levelname": "WARNING", "name": "orders", "message": "inventory_insufficient", "event": "inventory_insufficient", "order_id": "8627c36e-f850-4b0b-926b-add2daa378e1", "item_name": "burger", "needed": 1, "available": 0}
{"asctime": "2026-04-10 09:12:20,520", "levelname": "INFO", "name": "orders.tasks", "message": "[8627c36e-f850-4b0b-926b-add2daa378e1] Step 'inventory' \u2192 failed (attempt 3) | Insufficient inventory: burger (need 1, have 0)"}
{"asctime": "2026-04-10 09:12:20,521", "levelname": "WARNING", "name": "orders.tasks", "message": "[8627c36e-f850-4b0b-926b-add2daa378e1] Inventory step failed: Insufficient inventory: burger (need 1, have 0)"}
{"asctime": "2026-04-10 09:12:24,525", "levelname": "INFO", "name": "orders.tasks", "message": "[8627c36e-f850-4b0b-926b-add2daa378e1] Task started (attempt 4/4)"}
{"asctime": "2026-04-10 09:12:25,168", "levelname": "INFO", "name": "orders.tasks", "message": "[8627c36e-f850-4b0b-926b-add2daa378e1] Step 'payment' already done \u2014 skipping"}
{"asctime": "2026-04-10 09:12:25,321", "levelname": "WARNING", "name": "orders", "message": "inventory_insufficient", "event": "inventory_insufficient", "order_id": "8627c36e-f850-4b0b-926b-add2daa378e1", "item_name": "burger", "needed": 1, "available": 0}
{"asctime": "2026-04-10 09:12:25,434", "levelname": "INFO", "name": "orders.tasks", "message": "[8627c36e-f850-4b0b-926b-add2daa378e1] Step 'inventory' \u2192 failed (attempt 4) | Insufficient inventory: burger (need 1, have 0)"}
{"asctime": "2026-04-10 09:12:25,435", "levelname": "WARNING", "name": "orders.tasks", "message": "[8627c36e-f850-4b0b-926b-add2daa378e1] Inventory step failed: Insufficient inventory: burger (need 1, have 0)"}
{"asctime": "2026-04-10 09:12:58,898", "levelname": "INFO", "name": "orders", "message": "order_created", "event": "order_created", "order_id": "5c0478a6-9ecb-4779-83d1-76278f37f8b6", "idempotency_key": "key-1775792577465-km0dp", "items_count": 1}
{"asctime": "2026-04-10 09:13:15,109", "levelname": "INFO", "name": "orders", "message": "order_created", "event": "order_created", "order_id": "bbbc178c-9f67-4cb2-ada7-d12daab5e33e", "idempotency_key": "key-1775792593421-0vz3u", "items_count": 1}
{"asctime": "2026-04-10 09:13:48,854", "levelname": "INFO", "name": "orders", "message": "order_cancelled", "event": "order_cancelled", "order_id": "5c0478a6-9ecb-4779-83d1-76278f37f8b6", "cancelled_from_status": "cancelled"}
{"asctime": "2026-04-10 09:13:48,856", "levelname": "INFO", "name": "orders", "message": "order_status_changed", "event": "order_status_changed", "order_id": "5c0478a6-9ecb-4779-83d1-76278f37f8b6", "from_status": "cancelled", "to_status": "cancelled"}
{"asctime": "2026-04-10 09:13:52,310", "levelname": "INFO", "name": "orders", "message": "order_cancelled", "event": "order_cancelled", "order_id": "bbbc178c-9f67-4cb2-ada7-d12daab5e33e", "cancelled_from_status": "cancelled"}
{"asctime": "2026-04-10 09:13:52,314", "levelname": "INFO", "name": "orders", "message": "order_status_changed", "event": "order_status_changed", "order_id": "bbbc178c-9f67-4cb2-ada7-d12daab5e33e", "from_status": "cancelled", "to_status": "cancelled"}
{"asctime": "2026-04-10 10:01:42,613", "levelname": "INFO", "name": "orders", "message": "order_created", "event": "order_created", "order_id": "f395fafb-47bb-4bf4-a7d0-d547f24b1d98", "idempotency_key": "key-1775795499792-6wuj7", "items_count": 1}
{"asctime": "2026-04-10 10:12:27,960", "levelname": "INFO", "name": "orders", "message": "order_created", "event": "order_created", "order_id": "796013ed-51b7-4201-b413-7bed2a47dc3e", "idempotency_key": "key-1775796146240-9gboq", "items_count": 1}
{"asctime": "2026-04-10 10:12:44,398", "levelname": "INFO", "name": "orders", "message": "order_created", "event": "order_created", "order_id": "d55d9632-bbc2-42fc-bd3c-afc7d844670f", "idempotency_key": "key-1775796162830-fg4rg", "items_count": 1}
{"asctime": "2026-04-10 10:13:16,624", "levelname": "INFO", "name": "orders.tasks", "message": "[d55d9632-bbc2-42fc-bd3c-afc7d844670f] Task started (attempt 1/4)"}
{"asctime": "2026-04-10 10:13:16,625", "levelname": "INFO", "name": "orders", "message": "payment_verified", "event": "payment_verified", "order_id": "d55d9632-bbc2-42fc-bd3c-afc7d844670f", "razorpay_payment_id": "pay_Sbf6mQJ6EKmLyh"}
{"asctime": "2026-04-10 10:13:17,276", "levelname": "INFO", "name": "orders", "message": "order_status_changed", "event": "order_status_changed", "order_id": "d55d9632-bbc2-42fc-bd3c-afc7d844670f", "from_status": "pending", "to_status": "processing"}
{"asctime": "2026-04-10 10:13:17,277", "levelname": "INFO", "name": "orders.tasks", "message": "[d55d9632-bbc2-42fc-bd3c-afc7d844670f] Step 'payment' already done \u2014 skipping"}
{"asctime": "2026-04-10 10:13:17,436", "levelname": "WARNING", "name": "orders", "message": "inventory_insufficient", "event": "inventory_insufficient", "order_id": "d55d9632-bbc2-42fc-bd3c-afc7d844670f", "item_name": "burger", "needed": 1, "available": 0}
{"asctime": "2026-04-10 10:13:17,561", "levelname": "INFO", "name": "orders.tasks", "message": "[d55d9632-bbc2-42fc-bd3c-afc7d844670f] Step 'inventory' \u2192 failed (attempt 1) | Insufficient inventory: burger (need 1, have 0)"}
{"asctime": "2026-04-10 10:13:17,562", "levelname": "WARNING", "name": "orders.tasks", "message": "[d55d9632-bbc2-42fc-bd3c-afc7d844670f] Inventory step failed: Insufficient inventory: burger (need 1, have 0)"}
{"asctime": "2026-04-10 10:13:19,312", "levelname": "INFO", "name": "orders.tasks", "message": "[d55d9632-bbc2-42fc-bd3c-afc7d844670f] Task started (attempt 2/4)"}
{"asctime": "2026-04-10 10:13:19,741", "levelname": "INFO", "name": "orders.tasks", "message": "[d55d9632-bbc2-42fc-bd3c-afc7d844670f] Step 'payment' already done \u2014 skipping"}
{"asctime": "2026-04-10 10:13:19,862", "levelname": "WARNING", "name": "orders", "message": "inventory_insufficient", "event": "inventory_insufficient", "order_id": "d55d9632-bbc2-42fc-bd3c-afc7d844670f", "item_name": "burger", "needed": 1, "available": 0}
{"asctime": "2026-04-10 10:13:19,982", "levelname": "INFO", "name": "orders.tasks", "message": "[d55d9632-bbc2-42fc-bd3c-afc7d844670f] Step 'inventory' \u2192 failed (attempt 2) | Insufficient inventory: burger (need 1, have 0)"}
{"asctime": "2026-04-10 10:13:19,983", "levelname": "WARNING", "name": "orders.tasks", "message": "[d55d9632-bbc2-42fc-bd3c-afc7d844670f] Inventory step failed: Insufficient inventory: burger (need 1, have 0)"}
{"asctime": "2026-04-10 10:13:21,985", "levelname": "INFO", "name": "orders.tasks", "message": "[d55d9632-bbc2-42fc-bd3c-afc7d844670f] Task started (attempt 3/4)"}
{"asctime": "2026-04-10 10:13:22,440", "levelname": "INFO", "name": "orders.tasks", "message": "[d55d9632-bbc2-42fc-bd3c-afc7d844670f] Step 'payment' already done \u2014 skipping"}
{"asctime": "2026-04-10 10:13:22,558", "levelname": "WARNING", "name": "orders", "message": "inventory_insufficient", "event": "inventory_insufficient", "order_id": "d55d9632-bbc2-42fc-bd3c-afc7d844670f", "item_name": "burger", "needed": 1, "available": 0}
{"asctime": "2026-04-10 10:13:22,706", "levelname": "INFO", "name": "orders.tasks", "message": "[d55d9632-bbc2-42fc-bd3c-afc7d844670f] Step 'inventory' \u2192 failed (attempt 3) | Insufficient inventory: burger (need 1, have 0)"}
{"asctime": "2026-04-10 10:13:22,707", "levelname": "WARNING", "name": "orders.tasks", "message": "[d55d9632-bbc2-42fc-bd3c-afc7d844670f] Inventory step failed: Insufficient inventory: burger (need 1, have 0)"}
{"asctime": "2026-04-10 10:13:26,710", "levelname": "INFO", "name": "orders.tasks", "message": "[d55d9632-bbc2-42fc-bd3c-afc7d844670f] Task started (attempt 4/4)"}
{"asctime": "2026-04-10 10:13:27,182", "levelname": "INFO", "name": "orders.tasks", "message": "[d55d9632-bbc2-42fc-bd3c-afc7d844670f] Step 'payment' already done \u2014 skipping"}
{"asctime": "2026-04-10 10:13:27,299", "levelname": "WARNING", "name": "orders", "message": "inventory_insufficient", "event": "inventory_insufficient", "order_id": "d55d9632-bbc2-42fc-bd3c-afc7d844670f", "item_name": "burger", "needed": 1, "available": 0}
{"asctime": "2026-04-10 10:13:27,415", "levelname": "INFO", "name": "orders.tasks", "message": "[d55d9632-bbc2-42fc-bd3c-afc7d844670f] Step 'inventory' \u2192 failed (attempt 4) | Insufficient inventory: burger (need 1, have 0)"}
{"asctime": "2026-04-10 10:13:27,416", "levelname": "WARNING", "name": "orders.tasks", "message": "[d55d9632-bbc2-42fc-bd3c-afc7d844670f] Inventory step failed: Insufficient inventory: burger (need 1, have 0)"}
{"asctime": "2026-04-10 10:15:37,597", "levelname": "INFO", "name": "orders", "message": "order_created", "event": "order_created", "order_id": "597cf64b-6bc6-4387-8d9a-30d8a875f9b9", "idempotency_key": "key-1775796335846-ddu9i", "items_count": 1}
{"asctime": "2026-04-10 10:16:02,563", "levelname": "INFO", "name": "orders", "message": "payment_verified", "event": "payment_verified", "order_id": "597cf64b-6bc6-4387-8d9a-30d8a875f9b9", "razorpay_payment_id": "pay_Sbf9hDX4mV4l09"}
{"asctime": "2026-04-10 10:20:23,271", "levelname": "INFO", "name": "orders", "message": "order_created", "event": "order_created", "order_id": "b4cc0b87-3901-43bc-99f4-877148203ce3", "idempotency_key": "key-1775796621432-037pu", "items_count": 1}
{"asctime": "2026-04-10 10:20:34,112", "levelname": "INFO", "name": "orders", "message": "order_cancelled", "event": "order_cancelled", "order_id": "b4cc0b87-3901-43bc-99f4-877148203ce3", "cancelled_from_status": "pending"}
{"asctime": "2026-04-10 10:20:34,113", "levelname": "INFO", "name": "orders", "message": "order_status_changed", "event": "order_status_changed", "order_id": "b4cc0b87-3901-43bc-99f4-877148203ce3", "from_status": "pending", "to_status": "cancelled"}
{"asctime": "2026-04-10 10:20:48,869", "levelname": "INFO", "name": "orders.tasks", "message": "[b4cc0b87-3901-43bc-99f4-877148203ce3] Task started (attempt 1/4)"}
{"asctime": "2026-04-10 10:20:48,886", "levelname": "INFO", "name": "orders", "message": "payment_verified", "event": "payment_verified", "order_id": "b4cc0b87-3901-43bc-99f4-877148203ce3", "razorpay_payment_id": "pay_SbfEk8rQxgCt67"}
{"asctime": "2026-04-10 10:20:49,312", "levelname": "WARNING", "name": "orders.tasks", "message": "[b4cc0b87-3901-43bc-99f4-877148203ce3] Already in terminal state \u2014 skipping"}
{"asctime": "2026-04-10 10:21:10,936", "levelname": "INFO", "name": "orders", "message": "order_created", "event": "order_created", "order_id": "ced08454-d29a-45a5-a884-896c19ec59fc", "idempotency_key": "key-1775796669206-1nm80", "items_count": 1}
{"asctime": "2026-04-10 10:21:35,105", "levelname": "INFO", "name": "orders.tasks", "message": "[ced08454-d29a-45a5-a884-896c19ec59fc] Task started (attempt 1/4)"}
{"asctime": "2026-04-10 10:21:35,111", "levelname": "INFO", "name": "orders", "message": "payment_verified", "event": "payment_verified", "order_id": "ced08454-d29a-45a5-a884-896c19ec59fc", "razorpay_payment_id": "pay_SbfFYuthbwpwQU"}
{"asctime": "2026-04-10 10:21:35,699", "levelname": "INFO", "name": "orders", "message": "order_status_changed", "event": "order_status_changed", "order_id": "ced08454-d29a-45a5-a884-896c19ec59fc", "from_status": "pending", "to_status": "processing"}
{"asctime": "2026-04-10 10:21:35,699", "levelname": "INFO", "name": "orders.tasks", "message": "[ced08454-d29a-45a5-a884-896c19ec59fc] Step 'payment' already done \u2014 skipping"}
{"asctime": "2026-04-10 10:21:35,754", "levelname": "INFO", "name": "orders.tasks", "message": "[ced08454-d29a-45a5-a884-896c19ec59fc] Inventory already deducted via reservation \u2014 skipping"}
{"asctime": "2026-04-10 10:21:35,810", "levelname": "INFO", "name": "orders.tasks", "message": "[ced08454-d29a-45a5-a884-896c19ec59fc] Step 'inventory' \u2192 success (attempt 1)"}
{"asctime": "2026-04-10 10:21:35,866", "levelname": "INFO", "name": "orders", "message": "order_status_changed", "event": "order_status_changed", "order_id": "ced08454-d29a-45a5-a884-896c19ec59fc", "from_status": "processing", "to_status": "completed"}
{"asctime": "2026-04-10 10:21:35,867", "levelname": "INFO", "name": "orders", "message": "order_completed", "event": "order_completed", "order_id": "ced08454-d29a-45a5-a884-896c19ec59fc"}
{"asctime": "2026-04-10 10:21:44,473", "levelname": "INFO", "name": "orders", "message": "celery_task_revoked", "event": "celery_task_revoked", "order_id": "597cf64b-6bc6-4387-8d9a-30d8a875f9b9", "task_id": "2ec3bc8e-774b-41f8-ba7b-a2855a43eb08"}
{"asctime": "2026-04-10 10:21:44,981", "levelname": "INFO", "name": "orders", "message": "order_cancelled", "event": "order_cancelled", "order_id": "597cf64b-6bc6-4387-8d9a-30d8a875f9b9", "cancelled_from_status": "pending"}
{"asctime": "2026-04-10 10:21:44,984", "levelname": "INFO", "name": "orders", "message": "order_status_changed", "event": "order_status_changed", "order_id": "597cf64b-6bc6-4387-8d9a-30d8a875f9b9", "from_status": "pending", "to_status": "cancelled"}
{"asctime": "2026-04-10 10:22:02,301", "levelname": "INFO", "name": "orders", "message": "order_created", "event": "order_created", "order_id": "c902f9a3-88c5-4bbc-b00f-39a940427a32", "idempotency_key": "key-1775796720575-4vfqn", "items_count": 1}
{"asctime": "2026-04-10 10:22:26,204", "levelname": "INFO", "name": "orders", "message": "payment_verified", "event": "payment_verified", "order_id": "c902f9a3-88c5-4bbc-b00f-39a940427a32", "razorpay_payment_id": "pay_SbfGTb1MMd9l8G"}
{"asctime": "2026-04-10 10:23:07,759", "levelname": "INFO", "name": "orders.tasks", "message": "[c902f9a3-88c5-4bbc-b00f-39a940427a32] Task started (attempt 1/4)"}
{"asctime": "2026-04-10 10:23:08,296", "levelname": "INFO", "name": "orders", "message": "order_status_changed", "event": "order_status_changed", "order_id": "c902f9a3-88c5-4bbc-b00f-39a940427a32", "from_status": "pending", "to_status": "processing"}
{"asctime": "2026-04-10 10:23:08,297", "levelname": "INFO", "name": "orders.tasks", "message": "[c902f9a3-88c5-4bbc-b00f-39a940427a32] Step 'payment' already done \u2014 skipping"}
{"asctime": "2026-04-10 10:23:08,358", "levelname": "INFO", "name": "orders.tasks", "message": "[c902f9a3-88c5-4bbc-b00f-39a940427a32] Inventory already deducted via reservation \u2014 skipping"}
{"asctime": "2026-04-10 10:23:08,367", "levelname": "INFO", "name": "orders", "message": "celery_task_revoked", "event": "celery_task_revoked", "order_id": "c902f9a3-88c5-4bbc-b00f-39a940427a32", "task_id": "271702ce-4cee-4fca-ab4b-3a7424256a36"}
{"asctime": "2026-04-10 10:23:08,420", "levelname": "INFO", "name": "orders.tasks", "message": "[c902f9a3-88c5-4bbc-b00f-39a940427a32] Step 'inventory' \u2192 success (attempt 1)"}
{"asctime": "2026-04-10 10:23:08,480", "levelname": "INFO", "name": "orders", "message": "order_status_changed", "event": "order_status_changed", "order_id": "c902f9a3-88c5-4bbc-b00f-39a940427a32", "from_status": "processing", "to_status": "completed"}
{"asctime": "2026-04-10 10:23:08,480", "levelname": "INFO", "name": "orders", "message": "order_completed", "event": "order_completed", "order_id": "c902f9a3-88c5-4bbc-b00f-39a940427a32"}
{"asctime": "2026-04-10 10:23:08,874", "levelname": "INFO", "name": "orders", "message": "order_cancelled", "event": "order_cancelled", "order_id": "c902f9a3-88c5-4bbc-b00f-39a940427a32", "cancelled_from_status": "processing"}
{"asctime": "2026-04-10 10:23:08,875", "levelname": "INFO", "name": "orders", "message": "order_status_changed", "event": "order_status_changed", "order_id": "c902f9a3-88c5-4bbc-b00f-39a940427a32", "from_status": "processing", "to_status": "cancelled"}
{"asctime": "2026-04-10 10:23:20,898", "levelname": "INFO", "name": "orders", "message": "order_created", "event": "order_created", "order_id": "2e263f0e-7133-4873-8ea0-436c8161b54c", "idempotency_key": "key-1775796799176-mx7tc", "items_count": 1}
{"asctime": "2026-04-10 10:23:46,648", "levelname": "INFO", "name": "orders.tasks", "message": "[2e263f0e-7133-4873-8ea0-436c8161b54c] Task started (attempt 1/4)"}
{"asctime": "2026-04-10 10:23:46,669", "levelname": "INFO", "name": "orders", "message": "payment_verified", "event": "payment_verified", "order_id": "2e263f0e-7133-4873-8ea0-436c8161b54c", "razorpay_payment_id": "pay_SbfHttUZRmA0pT"}
{"asctime": "2026-04-10 10:23:47,140", "levelname": "INFO", "name": "orders", "message": "order_status_changed", "event": "order_status_changed", "order_id": "2e263f0e-7133-4873-8ea0-436c8161b54c", "from_status": "pending", "to_status": "processing"}
{"asctime": "2026-04-10 10:23:47,142", "levelname": "INFO", "name": "orders.tasks", "message": "[2e263f0e-7133-4873-8ea0-436c8161b54c] Step 'payment' already done \u2014 skipping"}
{"asctime": "2026-04-10 10:23:47,197", "levelname": "INFO", "name": "orders.tasks", "message": "[2e263f0e-7133-4873-8ea0-436c8161b54c] Inventory already deducted via reservation \u2014 skipping"}
{"asctime": "2026-04-10 10:23:47,251", "levelname": "INFO", "name": "orders.tasks", "message": "[2e263f0e-7133-4873-8ea0-436c8161b54c] Step 'inventory' \u2192 success (attempt 1)"}
{"asctime": "2026-04-10 10:23:47,307", "levelname": "INFO", "name": "orders", "message": "order_status_changed", "event": "order_status_changed", "order_id": "2e263f0e-7133-4873-8ea0-436c8161b54c", "from_status": "processing", "to_status": "completed"}
{"asctime": "2026-04-10 10:23:47,308", "levelname": "INFO", "name": "orders", "message": "order_completed", "event": "order_completed", "order_id": "2e263f0e-7133-4873-8ea0-436c8161b54c"}
